2025-08-11 11:06:02,795 - INFO - SYSTEM EVENT: Application initialized
2025-08-11 11:06:02,917 - INFO - SYSTEM EVENT: UI Manager initialized
2025-08-11 11:06:04,164 - INFO - SYSTEM EVENT: Application initialized
2025-08-11 11:06:04,247 - INFO - SYSTEM EVENT: UI Manager initialized
2025-08-11 11:09:38,847 - INFO - SYSTEM EVENT: Application initialized
2025-08-11 11:09:38,951 - INFO - SYSTEM EVENT: UI Manager initialized
2025-08-11 11:11:35,951 - INFO - SYSTEM EVENT: Application initialized
2025-08-11 11:11:36,073 - INFO - SYSTEM EVENT: UI Manager initialized
2025-08-11 11:15:51,383 - INFO - SYSTEM EVENT: Application initialized
2025-08-11 11:15:51,490 - INFO - SYSTEM EVENT: UI Manager initialized
2025-08-11 11:15:51,515 - ERROR - Erro ao contar registros concluídos: NameError: name 'time' is not defined
Traceback (most recent call last):
  File "C:\Users\User\Downloads\VSCODE TESTE\GESTOR_TESTE.py", line 5010, in contar_registros
    cache.set('count_concluidos', registros_concluidos, 300)  # 5 minutos
    ~~~~~~~~~^^^^^^^^^^^^^^^^^^^^^^^^^^^^^^^^^^^^^^^^^^^^^^^
  File "C:\Users\User\Downloads\VSCODE TESTE\GESTOR_TESTE.py", line 824, in set
    self._cache_timestamps[key] = time.time()
                                  ^^^^
NameError: name 'time' is not defined. Did you forget to import 'time'?
2025-08-11 11:15:51,524 - ERROR - Erro ao contar registros em andamento: NameError: name 'time' is not defined
Traceback (most recent call last):
  File "C:\Users\User\Downloads\VSCODE TESTE\GESTOR_TESTE.py", line 5021, in contar_registros
    cache.set('count_andamento', registros_andamento, 300)  # 5 minutos
    ~~~~~~~~~^^^^^^^^^^^^^^^^^^^^^^^^^^^^^^^^^^^^^^^^^^^^^
  File "C:\Users\User\Downloads\VSCODE TESTE\GESTOR_TESTE.py", line 824, in set
    self._cache_timestamps[key] = time.time()
                                  ^^^^
NameError: name 'time' is not defined. Did you forget to import 'time'?
2025-08-11 11:15:51,654 - ERROR - Erro ao contar promessas: NameError: name 'time' is not defined
Traceback (most recent call last):
  File "C:\Users\User\Downloads\VSCODE TESTE\GESTOR_TESTE.py", line 1659, in atualizar_cor_botao_lembrete
    cache.set('count_promessas', count, 300)
    ~~~~~~~~~^^^^^^^^^^^^^^^^^^^^^^^^^^^^^^^
  File "C:\Users\User\Downloads\VSCODE TESTE\GESTOR_TESTE.py", line 824, in set
    self._cache_timestamps[key] = time.time()
                                  ^^^^
NameError: name 'time' is not defined. Did you forget to import 'time'?
2025-08-11 11:19:17,967 - INFO - SYSTEM EVENT: Application initialized
2025-08-11 11:19:18,143 - INFO - SYSTEM EVENT: UI Manager initialized
2025-08-11 11:26:17,961 - INFO - SYSTEM EVENT: Application closed
2025-08-11 11:26:21,932 - INFO - SYSTEM EVENT: Application initialized
2025-08-11 11:26:22,005 - INFO - SYSTEM EVENT: UI Manager initialized
2025-08-11 11:27:00,832 - INFO - SYSTEM EVENT: Application closed
2025-08-11 12:07:12,354 - INFO - SYSTEM EVENT: Application initialized
2025-08-11 12:07:12,860 - INFO - SYSTEM EVENT: UI Manager initialized
2025-08-11 12:07:20,873 - INFO - SYSTEM EVENT: Application closed
2025-08-11 12:08:58,176 - INFO - SYSTEM EVENT: Application initialized
2025-08-11 12:08:58,258 - INFO - SYSTEM EVENT: UI Manager initialized
2025-08-11 12:09:09,951 - INFO - SYSTEM EVENT: Application closed
2025-08-11 12:28:12,409 - INFO - SYSTEM EVENT: Application initialized
2025-08-11 12:28:12,499 - INFO - SYSTEM EVENT: UI Manager initialized
2025-08-11 12:28:18,167 - INFO - SYSTEM EVENT: Application closed
2025-08-11 12:28:25,222 - INFO - SYSTEM EVENT: Application initialized
2025-08-11 12:28:25,314 - INFO - SYSTEM EVENT: UI Manager initialized
2025-08-11 12:28:32,936 - INFO - SYSTEM EVENT: Application closed
2025-08-11 12:46:26,868 - INFO - SYSTEM EVENT: Application initialized
2025-08-11 12:46:26,948 - INFO - SYSTEM EVENT: UI Manager initialized
2025-08-11 12:46:38,808 - INFO - SYSTEM EVENT: Application closed
2025-08-11 13:09:33,683 - INFO - SYSTEM EVENT: Application initialized
2025-08-11 13:09:33,765 - INFO - SYSTEM EVENT: UI Manager initialized
2025-08-11 13:09:46,820 - INFO - SYSTEM EVENT: Application closed
2025-08-11 13:09:54,838 - INFO - SYSTEM EVENT: Application initialized
2025-08-11 13:09:54,918 - INFO - SYSTEM EVENT: UI Manager initialized
2025-08-11 13:10:06,800 - INFO - SYSTEM EVENT: Application closed
2025-08-11 13:19:34,601 - INFO - SYSTEM EVENT: Application initialized
2025-08-11 13:19:34,682 - INFO - SYSTEM EVENT: UI Manager initialized
2025-08-11 13:19:36,245 - INFO - SYSTEM EVENT: Application closed
2025-08-11 13:27:00,607 - INFO - SYSTEM EVENT: Application initialized
2025-08-11 13:27:00,690 - INFO - SYSTEM EVENT: UI Manager initialized
2025-08-11 13:27:04,286 - INFO - SYSTEM EVENT: Application closed
2025-08-11 13:27:26,827 - INFO - SYSTEM EVENT: Application initialized
2025-08-11 13:27:26,979 - INFO - SYSTEM EVENT: UI Manager initialized
2025-08-11 13:27:49,849 - INFO - SYSTEM EVENT: Application closed
2025-08-11 15:33:42,379 - INFO - SYSTEM EVENT: Application initialized
2025-08-11 15:33:42,486 - INFO - SYSTEM EVENT: UI Manager initialized
2025-08-11 15:37:44,095 - INFO - SYSTEM EVENT: Application closed
2025-08-11 15:37:51,954 - INFO - SYSTEM EVENT: Application initialized
2025-08-11 15:37:52,080 - INFO - SYSTEM EVENT: UI Manager initialized
2025-08-11 15:41:04,917 - INFO - SYSTEM EVENT: Application initialized
2025-08-11 15:41:05,008 - INFO - SYSTEM EVENT: UI Manager initialized
2025-08-11 15:41:28,305 - INFO - SYSTEM EVENT: Application closed
2025-08-11 15:44:23,722 - INFO - SYSTEM EVENT: Application initialized
2025-08-11 15:44:23,825 - INFO - SYSTEM EVENT: UI Manager initialized
2025-08-11 15:44:39,311 - INFO - SYSTEM EVENT: Application closed
2025-08-11 15:49:25,253 - INFO - SYSTEM EVENT: Application initialized
2025-08-11 15:49:25,378 - INFO - SYSTEM EVENT: UI Manager initialized
2025-08-11 15:49:59,156 - INFO - SYSTEM EVENT: Application closed
2025-08-11 15:50:06,920 - INFO - SYSTEM EVENT: Application initialized
2025-08-11 15:50:07,010 - INFO - SYSTEM EVENT: UI Manager initialized
2025-08-11 15:50:17,273 - INFO - SYSTEM EVENT: Application closed
2025-08-11 15:52:56,710 - INFO - SYSTEM EVENT: Application initialized
2025-08-11 15:52:56,804 - INFO - SYSTEM EVENT: UI Manager initialized
2025-08-11 15:53:13,634 - INFO - SYSTEM EVENT: Application closed
2025-08-11 15:56:48,567 - INFO - SYSTEM EVENT: Application initialized
2025-08-11 15:56:48,674 - INFO - SYSTEM EVENT: UI Manager initialized
2025-08-11 15:57:15,479 - INFO - SYSTEM EVENT: Application closed
2025-08-11 15:58:24,208 - INFO - SYSTEM EVENT: Application initialized
2025-08-11 15:58:24,304 - INFO - SYSTEM EVENT: UI Manager initialized
2025-08-11 15:58:31,910 - WARNING - VALIDATION ERROR: Duplicate process number - unknown
2025-08-11 15:58:34,452 - INFO - SYSTEM EVENT: Application closed
2025-08-11 16:02:04,437 - INFO - SYSTEM EVENT: Application initialized
2025-08-11 16:02:04,538 - INFO - SYSTEM EVENT: UI Manager initialized
2025-08-11 16:02:13,283 - WARNING - VALIDATION ERROR: Duplicate process number - unknown
2025-08-11 16:02:15,637 - INFO - SYSTEM EVENT: Application closed
2025-08-11 16:04:56,811 - INFO - SYSTEM EVENT: Application initialized
2025-08-11 16:04:56,893 - INFO - SYSTEM EVENT: UI Manager initialized
2025-08-11 16:05:04,136 - WARNING - VALIDATION ERROR: Duplicate process number - unknown
2025-08-11 16:05:11,665 - WARNING - VALIDATION ERROR: Duplicate process number - unknown
2025-08-11 16:06:23,855 - INFO - SYSTEM EVENT: Application closed
2025-08-11 16:06:45,530 - INFO - SYSTEM EVENT: Application initialized
2025-08-11 16:06:45,618 - INFO - SYSTEM EVENT: UI Manager initialized
2025-08-11 16:06:51,822 - WARNING - VALIDATION ERROR: Duplicate process number - unknown
2025-08-11 16:06:52,767 - INFO - SYSTEM EVENT: Application closed
2025-08-11 16:09:03,249 - INFO - SYSTEM EVENT: Application initialized
2025-08-11 16:09:03,326 - INFO - SYSTEM EVENT: UI Manager initialized
2025-08-11 16:09:11,742 - WARNING - VALIDATION ERROR: Duplicate process number - duplicate (value: 123456321)
2025-08-11 16:09:12,824 - INFO - SYSTEM EVENT: Application closed
2025-08-12 07:37:29,152 - INFO - SYSTEM EVENT: Application initialized
2025-08-12 07:37:29,303 - INFO - SYSTEM EVENT: UI Manager initialized
2025-08-12 07:41:42,245 - WARNING - VALIDATION ERROR: Duplicate process number - duplicate (value: 2025050501-07)
2025-08-12 07:41:43,262 - INFO - SYSTEM EVENT: Application closed
2025-08-12 07:42:34,029 - INFO - SYSTEM EVENT: Application initialized
2025-08-12 07:42:34,109 - INFO - SYSTEM EVENT: UI Manager initialized
2025-08-12 07:42:42,244 - WARNING - VALIDATION ERROR: Duplicate process number - duplicate (value: 123456321)
2025-08-12 07:42:43,669 - INFO - SYSTEM EVENT: Application closed
2025-08-12 08:00:08,180 - INFO - SYSTEM EVENT: Application initialized
2025-08-12 08:00:08,287 - INFO - SYSTEM EVENT: UI Manager initialized
2025-08-12 08:00:19,870 - WARNING - VALIDATION ERROR: Duplicate process number - duplicate (value: 123456321)
2025-08-12 08:00:21,622 - INFO - SYSTEM EVENT: Application closed
2025-08-12 08:04:36,767 - INFO - SYSTEM EVENT: Application initialized
2025-08-12 08:04:36,908 - INFO - SYSTEM EVENT: UI Manager initialized
2025-08-12 08:10:52,076 - INFO - SYSTEM EVENT: Application initialized
2025-08-12 08:10:52,165 - INFO - SYSTEM EVENT: UI Manager initialized
2025-08-12 08:11:17,790 - WARNING - VALIDATION ERROR: Duplicate process number - duplicate (value: 123456321)
2025-08-12 08:11:18,833 - INFO - SYSTEM EVENT: Application closed
2025-08-12 08:18:54,584 - WARNING - VALIDATION ERROR: Duplicate process number - duplicate (value: 123456321)
2025-08-12 08:18:55,658 - INFO - SYSTEM EVENT: Application closed
2025-08-12 08:18:56,509 - INFO - SYSTEM EVENT: Application initialized
2025-08-12 08:18:56,586 - INFO - SYSTEM EVENT: UI Manager initialized
2025-08-12 08:19:11,096 - WARNING - VALIDATION ERROR: Duplicate process number - duplicate (value: 123456321)
2025-08-12 08:19:12,014 - INFO - SYSTEM EVENT: Application closed
2025-08-12 08:25:52,966 - INFO - SYSTEM EVENT: Application initialized
2025-08-12 08:25:53,056 - INFO - SYSTEM EVENT: UI Manager initialized
2025-08-12 08:25:59,252 - WARNING - VALIDATION ERROR: Duplicate process number - duplicate (value: 123456321)
2025-08-12 08:26:00,244 - INFO - SYSTEM EVENT: Application closed
2025-08-12 08:31:56,988 - INFO - SYSTEM EVENT: Application initialized
2025-08-12 08:31:57,068 - INFO - SYSTEM EVENT: UI Manager initialized
2025-08-12 08:32:16,177 - INFO - SYSTEM EVENT: Application closed
2025-08-12 08:32:29,066 - INFO - SYSTEM EVENT: Application initialized
2025-08-12 08:32:29,151 - INFO - SYSTEM EVENT: UI Manager initialized
2025-08-12 08:39:09,866 - INFO - SYSTEM EVENT: Application initialized
2025-08-12 08:39:09,970 - INFO - SYSTEM EVENT: UI Manager initialized
2025-08-12 08:39:43,232 - INFO - SYSTEM EVENT: Application closed
2025-08-12 09:34:51,204 - INFO - SYSTEM EVENT: Application initialized
2025-08-12 09:34:51,354 - INFO - SYSTEM EVENT: UI Manager initialized
2025-08-12 09:35:25,414 - WARNING - VALIDATION ERROR: Duplicate process number - duplicate (value: 123456321)
2025-08-12 09:35:26,489 - INFO - SYSTEM EVENT: Application closed
2025-08-12 09:41:32,354 - INFO - SYSTEM EVENT: Application initialized
2025-08-12 09:41:32,439 - INFO - SYSTEM EVENT: UI Manager initialized
2025-08-12 09:41:38,993 - WARNING - VALIDATION ERROR: Duplicate process number - duplicate (value: 123456321)
2025-08-12 09:41:40,185 - INFO - SYSTEM EVENT: Application closed
2025-08-12 09:46:33,313 - INFO - SYSTEM EVENT: Application initialized
2025-08-12 09:46:33,401 - INFO - SYSTEM EVENT: UI Manager initialized
2025-08-12 09:47:41,005 - INFO - SYSTEM EVENT: Application closed
2025-08-12 09:51:34,286 - INFO - SYSTEM EVENT: Application initialized
2025-08-12 09:51:34,365 - INFO - SYSTEM EVENT: UI Manager initialized
2025-08-12 09:55:34,591 - WARNING - VALIDATION ERROR: Duplicate process number - duplicate (value: 123456321)
2025-08-12 09:55:39,937 - WARNING - VALIDATION ERROR: Duplicate process number - duplicate (value: 2025050501-07)
2025-08-12 09:55:41,692 - INFO - SYSTEM EVENT: Application closed
2025-08-12 09:57:00,801 - INFO - SYSTEM EVENT: Application initialized
2025-08-12 09:57:01,741 - INFO - SYSTEM EVENT: UI Manager initialized
2025-08-12 10:03:29,466 - WARNING - VALIDATION ERROR: Duplicate process number - duplicate (value: 123456321)
2025-08-12 10:14:30,639 - INFO - SYSTEM EVENT: Application closed
2025-08-12 10:14:31,542 - INFO - SYSTEM EVENT: Application initialized
2025-08-12 10:14:31,618 - INFO - SYSTEM EVENT: UI Manager initialized
2025-08-12 10:31:49,191 - INFO - SYSTEM EVENT: Application initialized
2025-08-12 10:31:49,276 - INFO - SYSTEM EVENT: UI Manager initialized
2025-08-12 10:31:50,655 - INFO - SYSTEM EVENT: Application closed
2025-08-12 10:33:59,734 - INFO - SYSTEM EVENT: Application initialized
2025-08-12 10:33:59,819 - INFO - SYSTEM EVENT: UI Manager initialized
2025-08-12 10:34:13,641 - WARNING - VALIDATION ERROR: Duplicate process number - duplicate (value: 123456321)
2025-08-12 10:34:16,108 - INFO - Processo excluído - SUCCESS
2025-08-12 10:34:22,824 - WARNING - VALIDATION ERROR: Duplicate process number - duplicate (value: 2025050501-07)
2025-08-12 10:34:24,284 - INFO - SYSTEM EVENT: Application closed
2025-08-12 10:43:20,400 - INFO - SYSTEM EVENT: Application initialized
2025-08-12 10:43:20,484 - INFO - SYSTEM EVENT: UI Manager initialized
2025-08-12 10:43:50,850 - WARNING - VALIDATION ERROR: Duplicate process number - duplicate (value: 321654987)
2025-08-12 10:43:52,758 - INFO - SYSTEM EVENT: Application closed
2025-08-12 10:45:25,047 - INFO - SYSTEM EVENT: Application initialized
2025-08-12 10:45:25,125 - INFO - SYSTEM EVENT: UI Manager initialized
2025-08-12 10:45:32,378 - WARNING - VALIDATION ERROR: Duplicate process number - duplicate (value: 2025050501-07)
2025-08-12 10:45:33,560 - INFO - SYSTEM EVENT: Application closed
2025-08-12 10:45:59,734 - INFO - SYSTEM EVENT: Application initialized
2025-08-12 10:45:59,812 - INFO - SYSTEM EVENT: UI Manager initialized
2025-08-12 10:46:14,799 - WARNING - VALIDATION ERROR: Duplicate process number - duplicate (value: 2025050501-07)
2025-08-12 10:46:16,144 - INFO - SYSTEM EVENT: Application closed
2025-08-12 10:52:35,746 - INFO - SYSTEM EVENT: Application initialized
2025-08-12 10:52:35,823 - INFO - SYSTEM EVENT: UI Manager initialized
2025-08-12 10:52:48,065 - INFO - SYSTEM EVENT: Application closed
2025-08-12 10:53:54,054 - INFO - SYSTEM EVENT: Application initialized
2025-08-12 10:53:54,136 - INFO - SYSTEM EVENT: UI Manager initialized
2025-08-12 10:54:33,211 - INFO - SYSTEM EVENT: Application closed
