2025-08-19 09:35:17,496 - INFO - Iniciando otimização do banco de dados...
2025-08-19 09:35:17,500 - INFO - Banco de dados: C:\Users\User\OneDrive\MeuGestor\TRAE\MiniGestor_TRAE\trabalhos_realizados.db
2025-08-19 09:35:17,501 - ERROR - Banco de dados não encontrado: C:\Users\User\OneDrive\MeuGestor\TRAE\MiniGestor_TRAE\trabalhos_realizados.db
2025-08-19 09:35:17,502 - INFO - Tempo total de execução: 0.01s
2025-08-19 09:47:07,905 - INFO - Iniciando otimização do banco de dados...
2025-08-19 09:47:07,907 - INFO - Banco de dados: C:\Users\User\OneDrive\MeuGestor\TRAE\MiniGestor_TRAE\meus_trabalhos.db
2025-08-19 09:47:07,923 - INFO - Backup criado: C:\Users\User\OneDrive\MeuGestor\TRAE\MiniGestor_TRAE\meus_trabalhos.db.backup_1755607627
2025-08-19 09:47:07,925 - INFO - Aplicando otimizações SQL...
2025-08-19 09:47:07,934 - INFO - Índice criado: idx_trabalhos_numero_processo
2025-08-19 09:47:07,936 - INFO - Índice criado: idx_trabalhos_secretaria
2025-08-19 09:47:07,938 - INFO - Índice criado: idx_trabalhos_situacao
2025-08-19 09:47:07,942 - INFO - Índice criado: idx_trabalhos_modalidade
2025-08-19 09:47:07,945 - INFO - Índice criado: idx_trabalhos_data_registro
2025-08-19 09:47:07,949 - INFO - Índice criado: idx_trabalhos_data_inicio
2025-08-19 09:47:07,951 - INFO - Índice criado: idx_trabalhos_data_entrega
2025-08-19 09:47:07,953 - INFO - Índice composto criado: idx_trabalhos_secretaria_situacao
2025-08-19 09:47:07,964 - INFO - Índice condicional criado: idx_trabalhos_entregue_por
2025-08-19 09:47:07,969 - INFO - Índice condicional criado: idx_trabalhos_devolvido_a
2025-08-19 09:47:07,971 - INFO - Índice para excluídos criado: idx_excluidos_numero_processo
2025-08-19 09:47:07,973 - INFO - Índice para excluídos criado: idx_excluidos_data_exclusao
2025-08-19 09:47:07,978 - INFO - Índice para promessas criado: idx_promessas_data_prometida
2025-08-19 09:47:07,980 - INFO - Índice para promessas criado: idx_promessas_descricao
2025-08-19 09:47:07,983 - INFO - Tabela analisada: trabalhos_realizados
2025-08-19 09:47:07,985 - INFO - Tabela analisada: trabalhos_excluidos
2025-08-19 09:47:07,986 - INFO - Tabela analisada: promessas
2025-08-19 09:47:07,987 - INFO - Otimização aplicada: PRAGMA optimize
2025-08-19 09:47:07,988 - INFO - Otimização aplicada: PRAGMA journal_mode = WAL
2025-08-19 09:47:07,988 - INFO - Otimização aplicada: PRAGMA synchronous = NORMAL
2025-08-19 09:47:07,988 - INFO - Otimização aplicada: PRAGMA cache_size = -64000
2025-08-19 09:47:07,988 - INFO - Otimização aplicada: PRAGMA temp_store = MEMORY
2025-08-19 09:47:07,989 - INFO - Otimização aplicada: PRAGMA mmap_size = 268435456
2025-08-19 09:47:07,989 - INFO - Otimizações SQL aplicadas com sucesso
2025-08-19 09:47:07,996 - INFO - Executando VACUUM...
2025-08-19 09:47:08,023 - INFO - VACUUM executado com sucesso
2025-08-19 09:47:08,025 - INFO - Gerando relatório de performance...
2025-08-19 09:47:08,041 - INFO - Executando VACUUM...
2025-08-19 09:47:08,047 - INFO - Executando ANALYZE...
2025-08-19 09:47:08,048 - INFO - Verificando integridade...
2025-08-19 09:47:08,049 - INFO - Otimização concluída em 0.009s
2025-08-19 09:47:08,050 - INFO - Otimização automática concluída em 0.009s
2025-08-19 10:26:31,527 - INFO - Iniciando otimização do banco de dados...
2025-08-19 10:26:31,530 - INFO - Banco de dados: c:\Users\User\OneDrive\MeuGestor\TRAE\MiniGestor_TRAE\meus_trabalhos.db
2025-08-19 10:26:31,570 - INFO - Backup criado: c:\Users\User\OneDrive\MeuGestor\TRAE\MiniGestor_TRAE\meus_trabalhos.db.backup_1755609991
2025-08-19 10:26:31,575 - INFO - Aplicando otimizações SQL...
2025-08-19 10:26:31,590 - INFO - Índice criado: idx_trabalhos_numero_processo
2025-08-19 10:26:31,592 - INFO - Índice criado: idx_trabalhos_secretaria
2025-08-19 10:26:31,592 - INFO - Índice criado: idx_trabalhos_situacao
2025-08-19 10:26:31,592 - INFO - Índice criado: idx_trabalhos_modalidade
2025-08-19 10:26:31,593 - INFO - Índice criado: idx_trabalhos_data_registro
2025-08-19 10:26:31,593 - INFO - Índice criado: idx_trabalhos_data_inicio
2025-08-19 10:26:31,593 - INFO - Índice criado: idx_trabalhos_data_entrega
2025-08-19 10:26:31,593 - INFO - Índice composto criado: idx_trabalhos_secretaria_situacao
2025-08-19 10:26:31,594 - INFO - Índice condicional criado: idx_trabalhos_entregue_por
2025-08-19 10:26:31,594 - INFO - Índice condicional criado: idx_trabalhos_devolvido_a
2025-08-19 10:26:31,594 - INFO - Índice para excluídos criado: idx_excluidos_numero_processo
2025-08-19 10:26:31,594 - INFO - Índice para excluídos criado: idx_excluidos_data_exclusao
2025-08-19 10:26:31,595 - INFO - Índice para promessas criado: idx_promessas_data_prometida
2025-08-19 10:26:31,595 - INFO - Índice para promessas criado: idx_promessas_descricao
2025-08-19 10:26:31,603 - INFO - Tabela analisada: trabalhos_realizados
2025-08-19 10:26:31,608 - INFO - Tabela analisada: trabalhos_excluidos
2025-08-19 10:26:31,609 - INFO - Tabela analisada: promessas
2025-08-19 10:26:31,609 - INFO - Otimização aplicada: PRAGMA optimize
2025-08-19 10:26:31,610 - INFO - Otimização aplicada: PRAGMA journal_mode = WAL
2025-08-19 10:26:31,610 - INFO - Otimização aplicada: PRAGMA synchronous = NORMAL
2025-08-19 10:26:31,611 - INFO - Otimização aplicada: PRAGMA cache_size = -64000
2025-08-19 10:26:31,611 - INFO - Otimização aplicada: PRAGMA temp_store = MEMORY
2025-08-19 10:26:31,612 - INFO - Otimização aplicada: PRAGMA mmap_size = 268435456
2025-08-19 10:26:31,612 - INFO - Otimizações SQL aplicadas com sucesso
2025-08-19 10:26:31,630 - INFO - Executando VACUUM...
2025-08-19 10:26:31,662 - INFO - VACUUM executado com sucesso
2025-08-19 10:26:31,664 - INFO - Gerando relatório de performance...
2025-08-19 10:26:31,685 - INFO - Executando VACUUM...
2025-08-19 10:26:31,714 - INFO - Executando ANALYZE...
2025-08-19 10:26:31,715 - INFO - Verificando integridade...
2025-08-19 10:26:31,718 - INFO - Otimização concluída em 0.033s
2025-08-19 10:26:31,718 - INFO - Otimização automática concluída em 0.033s
