2025-08-06 15:09:09 - database - INFO - log_operation:74 - Processo excluído - SUCCESS
2025-08-06 15:48:29 - database - INFO - log_operation:74 - Processo atualizado - SUCCESS
2025-08-06 15:50:37 - database - INFO - log_operation:74 - Processo atualizado - SUCCESS
2025-08-06 15:50:48 - database - INFO - log_operation:74 - Processo atualizado - SUCCESS
2025-08-06 15:54:13 - database - INFO - log_operation:74 - Processo atualizado - SUCCESS
2025-08-06 15:54:34 - database - INFO - log_operation:74 - Processo atualizado - SUCCESS
2025-08-07 08:46:40 - database - INFO - log_operation:74 - Promessa registrada - SUCCESS
2025-08-07 09:00:01 - database - INFO - log_operation:74 - Promessas marcadas como notificadas - SUCCESS
2025-08-07 09:23:28 - database - INFO - log_operation:74 - Processo cadastrado - SUCCESS
2025-08-07 11:43:13 - database - INFO - log_operation:74 - Processo cadastrado - SUCCESS
2025-08-07 11:50:35 - database - INFO - log_operation:74 - Processo excluído - SUCCESS
2025-08-07 11:51:09 - database - INFO - log_operation:74 - Processo cadastrado - SUCCESS
2025-08-07 11:51:36 - database - INFO - log_operation:74 - Processo excluído - SUCCESS
2025-08-07 11:51:40 - database - INFO - log_operation:74 - Processo excluído - SUCCESS
2025-08-07 11:51:43 - database - INFO - log_operation:74 - Processo excluído - SUCCESS
2025-08-07 11:52:07 - database - INFO - log_operation:74 - Processo cadastrado - SUCCESS
2025-08-07 11:56:41 - database - INFO - log_operation:74 - Promessa registrada - SUCCESS
2025-08-07 11:59:26 - database - INFO - log_operation:74 - Promessas marcadas como notificadas - SUCCESS
2025-08-07 13:46:15 - database - INFO - log_operation:74 - Promessa registrada - SUCCESS
2025-08-07 13:47:25 - database - INFO - log_operation:74 - Processo excluído - SUCCESS
2025-08-07 13:49:25 - database - INFO - log_operation:74 - Processo excluído - SUCCESS
2025-08-07 14:02:28 - database - INFO - log_operation:74 - Promessa registrada - SUCCESS
2025-08-07 14:10:41 - database - INFO - log_operation:74 - Promessas marcadas como notificadas - SUCCESS
2025-08-11 09:04:28 - database - INFO - log_operation:74 - Processo excluído - SUCCESS
2025-08-11 09:04:32 - database - INFO - log_operation:74 - Processo excluído - SUCCESS
2025-08-11 09:04:40 - database - INFO - log_operation:74 - Processo excluído - SUCCESS
2025-08-11 09:04:47 - database - INFO - log_operation:74 - Processo excluído - SUCCESS
2025-08-11 09:07:36 - database - INFO - log_operation:74 - Processo cadastrado - SUCCESS
2025-08-11 11:15:51 - database - ERROR - log_error:64 - Erro ao contar registros concluídos: NameError: name 'time' is not defined
Traceback (most recent call last):
  File "C:\Users\User\Downloads\VSCODE TESTE\GESTOR_TESTE.py", line 5010, in contar_registros
    cache.set('count_concluidos', registros_concluidos, 300)  # 5 minutos
    ~~~~~~~~~^^^^^^^^^^^^^^^^^^^^^^^^^^^^^^^^^^^^^^^^^^^^^^^
  File "C:\Users\User\Downloads\VSCODE TESTE\GESTOR_TESTE.py", line 824, in set
    self._cache_timestamps[key] = time.time()
                                  ^^^^
NameError: name 'time' is not defined. Did you forget to import 'time'?
2025-08-11 11:15:51 - database - ERROR - log_error:64 - Erro ao contar registros em andamento: NameError: name 'time' is not defined
Traceback (most recent call last):
  File "C:\Users\User\Downloads\VSCODE TESTE\GESTOR_TESTE.py", line 5021, in contar_registros
    cache.set('count_andamento', registros_andamento, 300)  # 5 minutos
    ~~~~~~~~~^^^^^^^^^^^^^^^^^^^^^^^^^^^^^^^^^^^^^^^^^^^^^
  File "C:\Users\User\Downloads\VSCODE TESTE\GESTOR_TESTE.py", line 824, in set
    self._cache_timestamps[key] = time.time()
                                  ^^^^
NameError: name 'time' is not defined. Did you forget to import 'time'?
2025-08-11 11:15:51 - database - ERROR - log_error:64 - Erro ao contar promessas: NameError: name 'time' is not defined
Traceback (most recent call last):
  File "C:\Users\User\Downloads\VSCODE TESTE\GESTOR_TESTE.py", line 1659, in atualizar_cor_botao_lembrete
    cache.set('count_promessas', count, 300)
    ~~~~~~~~~^^^^^^^^^^^^^^^^^^^^^^^^^^^^^^^
  File "C:\Users\User\Downloads\VSCODE TESTE\GESTOR_TESTE.py", line 824, in set
    self._cache_timestamps[key] = time.time()
                                  ^^^^
NameError: name 'time' is not defined. Did you forget to import 'time'?
2025-08-11 15:11:45 - database - INFO - log_operation:74 - Database initialized successfully - SUCCESS
2025-08-11 15:11:45 - database - INFO - log_operation:74 - Database initialized successfully - SUCCESS
2025-08-11 15:14:08 - database - INFO - log_operation:74 - Database initialized successfully - SUCCESS
2025-08-11 15:14:08 - database - INFO - log_operation:74 - Database initialized successfully - SUCCESS
2025-08-11 15:15:31 - database - INFO - log_operation:74 - Database initialized successfully - SUCCESS
2025-08-11 15:15:31 - database - INFO - log_operation:74 - Database initialized successfully - SUCCESS
2025-08-11 15:23:48 - database - INFO - log_operation:74 - Database initialized successfully - SUCCESS
2025-08-11 15:23:48 - database - INFO - log_operation:74 - Database initialized successfully - SUCCESS
2025-08-11 15:26:19 - database - INFO - log_operation:74 - Database initialized successfully - SUCCESS
2025-08-11 15:26:19 - database - INFO - log_operation:74 - Database initialized successfully - SUCCESS
2025-08-11 15:49:34 - database - INFO - log_operation:74 - Database initialized successfully - SUCCESS
2025-08-11 15:49:34 - database - INFO - log_operation:74 - Database initialized successfully - SUCCESS
2025-08-11 15:56:02 - database - INFO - log_operation:74 - Database initialized successfully - SUCCESS
2025-08-11 15:56:02 - database - INFO - log_operation:74 - Database initialized successfully - SUCCESS
2025-08-12 10:34:16 - database - INFO - log_operation:74 - Processo excluído - SUCCESS
2025-08-12 14:05:23 - database - INFO - log_operation:74 - Processo atualizado - SUCCESS
2025-08-12 14:45:19 - database - INFO - log_operation:74 - Processo atualizado - SUCCESS
2025-08-12 14:45:43 - database - INFO - log_operation:74 - Processo atualizado - SUCCESS
2025-08-12 15:17:10 - database - INFO - log_operation:74 - Processo excluído - SUCCESS
2025-08-12 15:17:10 - database - INFO - log_operation:74 - Processo excluído - SUCCESS
2025-08-12 15:17:10 - database - INFO - log_operation:74 - Processo excluído - SUCCESS
2025-08-12 15:17:10 - database - INFO - log_operation:74 - Processo excluído - SUCCESS
2025-08-12 15:17:10 - database - INFO - log_operation:74 - Processo excluído - SUCCESS
2025-11-05 13:21:12 - database - INFO - log_operation:74 - Database initialized successfully - SUCCESS
2025-11-05 13:21:12 - database - INFO - log_operation:74 - Database initialized successfully - SUCCESS
2025-11-05 14:50:52 - database - INFO - log_operation:74 - Database initialized successfully - SUCCESS
2025-11-05 14:50:52 - database - INFO - log_operation:74 - Database initialized successfully - SUCCESS
2025-11-05 14:51:33 - database - INFO - log_operation:74 - Database initialized successfully - SUCCESS
2025-11-05 14:51:33 - database - INFO - log_operation:74 - Database initialized successfully - SUCCESS
2025-11-05 15:04:13 - database - INFO - log_operation:74 - Database initialized successfully - SUCCESS
2025-11-05 15:04:13 - database - INFO - log_operation:74 - Database initialized successfully - SUCCESS
2025-11-05 15:08:29 - database - INFO - log_operation:74 - Database initialized successfully - SUCCESS
2025-11-05 15:08:29 - database - INFO - log_operation:74 - Database initialized successfully - SUCCESS
2025-11-05 15:10:51 - database - INFO - log_operation:74 - Database initialized successfully - SUCCESS
2025-11-05 15:10:51 - database - INFO - log_operation:74 - Database initialized successfully - SUCCESS
2025-11-05 15:11:28 - database - INFO - log_operation:74 - Database initialized successfully - SUCCESS
2025-11-05 15:11:28 - database - INFO - log_operation:74 - Database initialized successfully - SUCCESS
2025-11-05 15:13:26 - database - INFO - log_operation:74 - Database initialized successfully - SUCCESS
2025-11-05 15:13:26 - database - INFO - log_operation:74 - Database initialized successfully - SUCCESS
2025-11-05 15:15:28 - database - INFO - log_operation:74 - Database initialized successfully - SUCCESS
2025-11-05 15:15:28 - database - INFO - log_operation:74 - Database initialized successfully - SUCCESS
2025-11-05 15:26:49 - database - INFO - log_operation:74 - Database initialized successfully - SUCCESS
2025-11-05 15:26:49 - database - INFO - log_operation:74 - Database initialized successfully - SUCCESS
2025-11-05 16:06:36 - database - INFO - log_operation:74 - Database initialized successfully - SUCCESS
2025-11-05 16:06:36 - database - INFO - log_operation:74 - Database initialized successfully - SUCCESS
2025-11-05 16:07:13 - database - INFO - log_operation:74 - Database initialized successfully - SUCCESS
2025-11-05 16:07:13 - database - INFO - log_operation:74 - Database initialized successfully - SUCCESS
2025-11-05 16:08:25 - database - INFO - log_operation:74 - Database initialized successfully - SUCCESS
2025-11-05 16:08:25 - database - INFO - log_operation:74 - Database initialized successfully - SUCCESS
2025-11-06 07:44:23 - database - INFO - log_operation:74 - Database initialized successfully - SUCCESS
2025-11-06 07:44:23 - database - INFO - log_operation:74 - Database initialized successfully - SUCCESS
2025-11-06 07:45:39 - database - INFO - log_operation:74 - Database initialized successfully - SUCCESS
2025-11-06 07:45:39 - database - INFO - log_operation:74 - Database initialized successfully - SUCCESS
2025-12-02 08:32:58 - database - INFO - log_operation:74 - Database initialized successfully - SUCCESS
2025-12-02 08:32:58 - database - INFO - log_operation:74 - Database initialized successfully - SUCCESS
2025-12-02 08:33:12 - database - INFO - log_operation:74 - Database initialized successfully - SUCCESS
2025-12-02 08:33:12 - database - INFO - log_operation:74 - Database initialized successfully - SUCCESS
2025-12-02 15:20:43 - database - INFO - log_operation:74 - Database initialized successfully - SUCCESS
2025-12-02 15:20:43 - database - INFO - log_operation:74 - Database initialized successfully - SUCCESS
